# JRE version: OpenJDK Runtime Environment Temurin-21.0.10+7 (21.0.10+7) (build 21.0.10+7-LTS)
# Java VM: OpenJDK 64-Bit Server VM Temurin-21.0.10+7 (21.0.10+7-LTS, mixed mode, sharing, tiered, compressed oops, compressed class ptrs, parallel gc, windows-amd64)
GC Precious Log:
 CardTable entry size: 512
 CPUs: 4 total, 4 available
 Memory: 8096M
 Large Page Support: Disabled
 NUMA Support: Disabled
 Compressed Oops: Enabled (32-bit)
 Alignments: Space 512K, Generation 512K, Heap 2M
 Heap Min Capacity: 100M
 Heap Initial Capacity: 100M
 Heap Max Capacity: 2G
 Pre-touch: Disabled
 Parallel Workers: 4
Heap:
 PSYoungGen      total 16384K, used 12115K [0x00000000d5580000, 0x00000000d6b80000, 0x0000000100000000)
  eden space 15360K, 72% used [0x00000000d5580000,0x00000000d6058d80,0x00000000d6480000)
  from space 1024K, 98% used [0x00000000d6780000,0x00000000d687c030,0x00000000d6880000)
  to   space 3072K, 0% used [0x00000000d6480000,0x00000000d6480000,0x00000000d6780000)
 ParOldGen       total 68608K, used 43032K [0x0000000080000000, 0x0000000084300000, 0x00000000d5580000)
  object space 68608K, 62% used [0x0000000080000000,0x0000000082a06000,0x0000000084300000)
 Metaspace       used 62712K, committed 64128K, reserved 1114112K
  class space    used 6740K, committed 7360K, reserved 1048576K
GC Heap History (20 events):
Event: 26.234 GC heap before
{Heap before GC invocations=34 (full 2):
 PSYoungGen      total 17408K, used 17400K [0x00000000d5580000, 0x00000000d6a00000, 0x0000000100000000)
  eden space 16384K, 100% used [0x00000000d5580000,0x00000000d6580000,0x00000000d6580000)
  from space 1024K, 99% used [0x00000000d6580000,0x00000000d667e078,0x00000000d6680000)
  to   space 2048K, 0% used [0x00000000d6800000,0x00000000d6800000,0x00000000d6a00000)
 ParOldGen       total 68608K, used 43881K [0x0000000080000000, 0x0000000084300000, 0x00000000d5580000)
  object space 68608K, 63% used [0x0000000080000000,0x0000000082ada518,0x0000000084300000)
 Metaspace       used 55719K, committed 57088K, reserved 1114112K
  class space    used 6128K, committed 6720K, reserved 1048576K
}
Event: 26.238 GC heap after
{Heap after GC invocations=34 (full 2):
 PSYoungGen      total 16896K, used 384K [0x00000000d5580000, 0x00000000d6880000, 0x0000000100000000)
  eden space 16384K, 0% used [0x00000000d5580000,0x00000000d5580000,0x00000000d6580000)
  from space 512K, 75% used [0x00000000d6800000,0x00000000d6860000,0x00000000d6880000)
  to   space 1024K, 0% used [0x00000000d6680000,0x00000000d6680000,0x00000000d6780000)
 ParOldGen       total 68608K, used 44903K [0x0000000080000000, 0x0000000084300000, 0x00000000d5580000)
  object space 68608K, 65% used [0x0000000080000000,0x0000000082bd9fa0,0x0000000084300000)
 Metaspace       used 55719K, committed 57088K, reserved 1114112K
  class space    used 6128K, committed 6720K, reserved 1048576K
}
Event: 26.542 GC heap before
{Heap before GC invocations=35 (full 2):
 PSYoungGen      total 16896K, used 16768K [0x00000000d5580000, 0x00000000d6880000, 0x0000000100000000)
  eden space 16384K, 100% used [0x00000000d5580000,0x00000000d6580000,0x00000000d6580000)
  from space 512K, 75% used [0x00000000d6800000,0x00000000d6860000,0x00000000d6880000)
  to   space 1024K, 0% used [0x00000000d6680000,0x00000000d6680000,0x00000000d6780000)
 ParOldGen       total 68608K, used 44903K [0x0000000080000000, 0x0000000084300000, 0x00000000d5580000)
  object space 68608K, 65% used [0x0000000080000000,0x0000000082bd9fa0,0x0000000084300000)
 Metaspace       used 55867K, committed 57344K, reserved 1114112K
  class space    used 6143K, committed 6784K, reserved 1048576K
}
Event: 26.546 GC heap after
{Heap after GC invocations=35 (full 2):
 PSYoungGen      total 17408K, used 671K [0x00000000d5580000, 0x00000000d6880000, 0x0000000100000000)
  eden space 16384K, 0% used [0x00000000d5580000,0x00000000d5580000,0x00000000d6580000)
  from space 1024K, 65% used [0x00000000d6680000,0x00000000d6727f20,0x00000000d6780000)
  to   space 1024K, 0% used [0x00000000d6780000,0x00000000d6780000,0x00000000d6880000)
 ParOldGen       total 68608K, used 45223K [0x0000000080000000, 0x0000000084300000, 0x00000000d5580000)
  object space 68608K, 65% used [0x0000000080000000,0x0000000082c29fa0,0x0000000084300000)
 Metaspace       used 55867K, committed 57344K, reserved 1114112K
  class space    used 6143K, committed 6784K, reserved 1048576K
}
Event: 26.649 GC heap before
{Heap before GC invocations=36 (full 2):
 PSYoungGen      total 17408K, used 17055K [0x00000000d5580000, 0x00000000d6880000, 0x0000000100000000)
  eden space 16384K, 100% used [0x00000000d5580000,0x00000000d6580000,0x00000000d6580000)
  from space 1024K, 65% used [0x00000000d6680000,0x00000000d6727f20,0x00000000d6780000)
  to   space 1024K, 0% used [0x00000000d6780000,0x00000000d6780000,0x00000000d6880000)
 ParOldGen       total 68608K, used 45223K [0x0000000080000000, 0x0000000084300000, 0x00000000d5580000)
  object space 68608K, 65% used [0x0000000080000000,0x0000000082c29fa0,0x0000000084300000)
 Metaspace       used 55917K, committed 57408K, reserved 1114112K
  class space    used 6146K, committed 6784K, reserved 1048576K
}
Event: 26.652 GC heap after
{Heap after GC invocations=36 (full 2):
 PSYoungGen      total 16896K, used 448K [0x00000000d5580000, 0x00000000d6800000, 0x0000000100000000)
  eden space 16384K, 0% used [0x00000000d5580000,0x00000000d5580000,0x00000000d6580000)
  from space 512K, 87% used [0x00000000d6780000,0x00000000d67f0000,0x00000000d6800000)
  to   space 1024K, 0% used [0x00000000d6600000,0x00000000d6600000,0x00000000d6700000)
 ParOldGen       total 68608K, used 45742K [0x0000000080000000, 0x0000000084300000, 0x00000000d5580000)
  object space 68608K, 66% used [0x0000000080000000,0x0000000082cab988,0x0000000084300000)
 Metaspace       used 55917K, committed 57408K, reserved 1114112K
  class space    used 6146K, committed 6784K, reserved 1048576K
}
Event: 26.936 GC heap before
{Heap before GC invocations=37 (full 2):
 PSYoungGen      total 16896K, used 16763K [0x00000000d5580000, 0x00000000d6800000, 0x0000000100000000)
  eden space 16384K, 99% used [0x00000000d5580000,0x00000000d656ed00,0x00000000d6580000)
  from space 512K, 87% used [0x00000000d6780000,0x00000000d67f0000,0x00000000d6800000)
  to   space 1024K, 0% used [0x00000000d6600000,0x00000000d6600000,0x00000000d6700000)
 ParOldGen       total 68608K, used 45742K [0x0000000080000000, 0x0000000084300000, 0x00000000d5580000)
  object space 68608K, 66% used [0x0000000080000000,0x0000000082cab988,0x0000000084300000)
 Metaspace       used 57202K, committed 58624K, reserved 1114112K
  class space    used 6245K, committed 6848K, reserved 1048576K
}
Event: 26.942 GC heap after
{Heap after GC invocations=37 (full 2):
 PSYoungGen      total 17408K, used 1017K [0x00000000d5580000, 0x00000000d6a80000, 0x0000000100000000)
  eden space 16384K, 0% used [0x00000000d5580000,0x00000000d5580000,0x00000000d6580000)
  from space 1024K, 99% used [0x00000000d6600000,0x00000000d66fe408,0x00000000d6700000)
  to   space 2560K, 0% used [0x00000000d6800000,0x00000000d6800000,0x00000000d6a80000)
 ParOldGen       total 68608K, used 46681K [0x0000000080000000, 0x0000000084300000, 0x00000000d5580000)
  object space 68608K, 68% used [0x0000000080000000,0x0000000082d96478,0x0000000084300000)
 Metaspace       used 57202K, committed 58624K, reserved 1114112K
  class space    used 6245K, committed 6848K, reserved 1048576K
}
Event: 27.143 GC heap before
{Heap before GC invocations=38 (full 2):
 PSYoungGen      total 17408K, used 17401K [0x00000000d5580000, 0x00000000d6a80000, 0x0000000100000000)
  eden space 16384K, 100% used [0x00000000d5580000,0x00000000d6580000,0x00000000d6580000)
  from space 1024K, 99% used [0x00000000d6600000,0x00000000d66fe408,0x00000000d6700000)
  to   space 2560K, 0% used [0x00000000d6800000,0x00000000d6800000,0x00000000d6a80000)
 ParOldGen       total 68608K, used 46681K [0x0000000080000000, 0x0000000084300000, 0x00000000d5580000)
  object space 68608K, 68% used [0x0000000080000000,0x0000000082d96478,0x0000000084300000)
 Metaspace       used 57287K, committed 58688K, reserved 1114112K
  class space    used 6252K, committed 6848K, reserved 1048576K
}
Event: 27.146 GC heap after
{Heap after GC invocations=38 (full 2):
 PSYoungGen      total 17920K, used 1351K [0x00000000d5580000, 0x00000000d6980000, 0x0000000100000000)
  eden space 16384K, 0% used [0x00000000d5580000,0x00000000d5580000,0x00000000d6580000)
  from space 1536K, 87% used [0x00000000d6800000,0x00000000d6951db8,0x00000000d6980000)
  to   space 2048K, 0% used [0x00000000d6580000,0x00000000d6580000,0x00000000d6780000)
 ParOldGen       total 68608K, used 47621K [0x0000000080000000, 0x0000000084300000, 0x00000000d5580000)
  object space 68608K, 69% used [0x0000000080000000,0x0000000082e81698,0x0000000084300000)
 Metaspace       used 57287K, committed 58688K, reserved 1114112K
  class space    used 6252K, committed 6848K, reserved 1048576K
}
Event: 27.242 GC heap before
{Heap before GC invocations=39 (full 2):
 PSYoungGen      total 17920K, used 17735K [0x00000000d5580000, 0x00000000d6980000, 0x0000000100000000)
  eden space 16384K, 100% used [0x00000000d5580000,0x00000000d6580000,0x00000000d6580000)
  from space 1536K, 87% used [0x00000000d6800000,0x00000000d6951db8,0x00000000d6980000)
  to   space 2048K, 0% used [0x00000000d6580000,0x00000000d6580000,0x00000000d6780000)
 ParOldGen       total 68608K, used 47621K [0x0000000080000000, 0x0000000084300000, 0x00000000d5580000)
  object space 68608K, 69% used [0x0000000080000000,0x0000000082e81698,0x0000000084300000)
 Metaspace       used 57292K, committed 58688K, reserved 1114112K
  class space    used 6252K, committed 6848K, reserved 1048576K
}
Event: 27.244 GC heap after
{Heap after GC invocations=39 (full 2):
 PSYoungGen      total 18432K, used 554K [0x00000000d5580000, 0x00000000d6880000, 0x0000000100000000)
  eden space 16384K, 0% used [0x00000000d5580000,0x00000000d5580000,0x00000000d6580000)
  from space 2048K, 27% used [0x00000000d6580000,0x00000000d660ab40,0x00000000d6780000)
  to   space 1024K, 0% used [0x00000000d6780000,0x00000000d6780000,0x00000000d6880000)
 ParOldGen       total 68608K, used 47966K [0x0000000080000000, 0x0000000084300000, 0x00000000d5580000)
  object space 68608K, 69% used [0x0000000080000000,0x0000000082ed7a88,0x0000000084300000)
 Metaspace       used 57292K, committed 58688K, reserved 1114112K
  class space    used 6252K, committed 6848K, reserved 1048576K
}
Event: 27.413 GC heap before
{Heap before GC invocations=40 (full 2):
 PSYoungGen      total 18432K, used 8118K [0x00000000d5580000, 0x00000000d6880000, 0x0000000100000000)
  eden space 16384K, 46% used [0x00000000d5580000,0x00000000d5ce2f78,0x00000000d6580000)
  from space 2048K, 27% used [0x00000000d6580000,0x00000000d660ab40,0x00000000d6780000)
  to   space 1024K, 0% used [0x00000000d6780000,0x00000000d6780000,0x00000000d6880000)
 ParOldGen       total 68608K, used 47966K [0x0000000080000000, 0x0000000084300000, 0x00000000d5580000)
  object space 68608K, 69% used [0x0000000080000000,0x0000000082ed7a88,0x0000000084300000)
 Metaspace       used 58393K, committed 59776K, reserved 1114112K
  class space    used 6355K, committed 6976K, reserved 1048576K
}
Event: 27.414 GC heap after
{Heap after GC invocations=40 (full 2):
 PSYoungGen      total 16896K, used 256K [0x00000000d5580000, 0x00000000d6800000, 0x0000000100000000)
  eden space 16384K, 0% used [0x00000000d5580000,0x00000000d5580000,0x00000000d6580000)
  from space 512K, 50% used [0x00000000d6780000,0x00000000d67c0000,0x00000000d6800000)
  to   space 512K, 0% used [0x00000000d6700000,0x00000000d6700000,0x00000000d6780000)
 ParOldGen       total 68608K, used 47982K [0x0000000080000000, 0x0000000084300000, 0x00000000d5580000)
  object space 68608K, 69% used [0x0000000080000000,0x0000000082edba88,0x0000000084300000)
 Metaspace       used 58393K, committed 59776K, reserved 1114112K
  class space    used 6355K, committed 6976K, reserved 1048576K
}
Event: 27.414 GC heap before
{Heap before GC invocations=41 (full 3):
 PSYoungGen      total 16896K, used 256K [0x00000000d5580000, 0x00000000d6800000, 0x0000000100000000)
  eden space 16384K, 0% used [0x00000000d5580000,0x00000000d5580000,0x00000000d6580000)
  from space 512K, 50% used [0x00000000d6780000,0x00000000d67c0000,0x00000000d6800000)
  to   space 512K, 0% used [0x00000000d6700000,0x00000000d6700000,0x00000000d6780000)
 ParOldGen       total 68608K, used 47982K [0x0000000080000000, 0x0000000084300000, 0x00000000d5580000)
  object space 68608K, 69% used [0x0000000080000000,0x0000000082edba88,0x0000000084300000)
 Metaspace       used 58393K, committed 59776K, reserved 1114112K
  class space    used 6355K, committed 6976K, reserved 1048576K
}
Event: 27.596 GC heap after
{Heap after GC invocations=41 (full 3):
 PSYoungGen      total 16896K, used 0K [0x00000000d5580000, 0x00000000d6800000, 0x0000000100000000)
  eden space 16384K, 0% used [0x00000000d5580000,0x00000000d5580000,0x00000000d6580000)
  from space 512K, 0% used [0x00000000d6780000,0x00000000d6780000,0x00000000d6800000)
  to   space 512K, 0% used [0x00000000d6700000,0x00000000d6700000,0x00000000d6780000)
 ParOldGen       total 68608K, used 40768K [0x0000000080000000, 0x0000000084300000, 0x00000000d5580000)
  object space 68608K, 59% used [0x0000000080000000,0x00000000827d0250,0x0000000084300000)
 Metaspace       used 58393K, committed 59776K, reserved 1114112K
  class space    used 6355K, committed 6976K, reserved 1048576K
}
Event: 57.924 GC heap before
{Heap before GC invocations=42 (full 3):
 PSYoungGen      total 16896K, used 16347K [0x00000000d5580000, 0x00000000d6800000, 0x0000000100000000)
  eden space 16384K, 99% used [0x00000000d5580000,0x00000000d6576e88,0x00000000d6580000)
  from space 512K, 0% used [0x00000000d6780000,0x00000000d6780000,0x00000000d6800000)
  to   space 512K, 0% used [0x00000000d6700000,0x00000000d6700000,0x00000000d6780000)
 ParOldGen       total 68608K, used 40768K [0x0000000080000000, 0x0000000084300000, 0x00000000d5580000)
  object space 68608K, 59% used [0x0000000080000000,0x00000000827d0250,0x0000000084300000)
 Metaspace       used 60390K, committed 61824K, reserved 1114112K
  class space    used 6529K, committed 7168K, reserved 1048576K
}
Event: 57.927 GC heap after
{Heap after GC invocations=42 (full 3):
 PSYoungGen      total 16896K, used 505K [0x00000000d5580000, 0x00000000d6880000, 0x0000000100000000)
  eden space 16384K, 0% used [0x00000000d5580000,0x00000000d5580000,0x00000000d6580000)
  from space 512K, 98% used [0x00000000d6700000,0x00000000d677e470,0x00000000d6780000)
  to   space 1024K, 0% used [0x00000000d6780000,0x00000000d6780000,0x00000000d6880000)
 ParOldGen       total 68608K, used 41557K [0x0000000080000000, 0x0000000084300000, 0x00000000d5580000)
  object space 68608K, 60% used [0x0000000080000000,0x00000000828957e8,0x0000000084300000)
 Metaspace       used 60390K, committed 61824K, reserved 1114112K
  class space    used 6529K, committed 7168K, reserved 1048576K
}
Event: 58.577 GC heap before
{Heap before GC invocations=43 (full 3):
 PSYoungGen      total 16896K, used 16874K [0x00000000d5580000, 0x00000000d6880000, 0x0000000100000000)
  eden space 16384K, 99% used [0x00000000d5580000,0x00000000d657c518,0x00000000d6580000)
  from space 512K, 98% used [0x00000000d6700000,0x00000000d677e470,0x00000000d6780000)
  to   space 1024K, 0% used [0x00000000d6780000,0x00000000d6780000,0x00000000d6880000)
 ParOldGen       total 68608K, used 41557K [0x0000000080000000, 0x0000000084300000, 0x00000000d5580000)
  object space 68608K, 60% used [0x0000000080000000,0x00000000828957e8,0x0000000084300000)
 Metaspace       used 62175K, committed 63552K, reserved 1114112K
  class space    used 6674K, committed 7296K, reserved 1048576K
}
Event: 58.583 GC heap after
{Heap after GC invocations=43 (full 3):
 PSYoungGen      total 16384K, used 1008K [0x00000000d5580000, 0x00000000d6b80000, 0x0000000100000000)
  eden space 15360K, 0% used [0x00000000d5580000,0x00000000d5580000,0x00000000d6480000)
  from space 1024K, 98% used [0x00000000d6780000,0x00000000d687c030,0x00000000d6880000)
  to   space 3072K, 0% used [0x00000000d6480000,0x00000000d6480000,0x00000000d6780000)
 ParOldGen       total 68608K, used 43032K [0x0000000080000000, 0x0000000084300000, 0x00000000d5580000)
  object space 68608K, 62% used [0x0000000080000000,0x0000000082a06000,0x0000000084300000)
 Metaspace       used 62175K, committed 63552K, reserved 1114112K
  class space    used 6674K, committed 7296K, reserved 1048576K
}

